This is pdfeTeX, Version 3.141592-1.21a-2.2 (Web2C 7.5.4) (format=latex 2005.3.13)  27 OCT 2006 09:32
entering extended mode
**lfa_francais.tex
(./lfa_francais.tex
LaTeX2e <2003/12/01>
Babel <v3.8d> and hyphenation patterns for american, french, german, ngerman, b
ahasa, basque, bulgarian, catalan, croatian, czech, danish, dutch, esperanto, e
stonian, finnish, greek, icelandic, irish, italian, latin, magyar, norsk, polis
h, portuges, romanian, russian, serbian, slovak, slovene, spanish, swedish, tur
kish, ukrainian, nohyphenation, loaded.
(./fra_boo.aaa (/usr/share/texmf/tex/latex/base/book.cls
Document Class: book 2004/02/16 v1.4f Standard LaTeX document class
(/usr/share/texmf/tex/latex/base/bk11.clo
File: bk11.clo 2004/02/16 v1.4f Standard LaTeX file (size option)
)
\c@part=\count79
\c@chapter=\count80
\c@section=\count81
\c@subsection=\count82
\c@subsubsection=\count83
\c@paragraph=\count84
\c@subparagraph=\count85
\c@figure=\count86
\c@table=\count87
\abovecaptionskip=\skip41
\belowcaptionskip=\skip42
\bibindent=\dimen102
) (./paquets.tex
(/usr/share/texmf/tex/latex/fancyhdr/fancyhdr.sty
\fancy@headwidth=\skip43
\f@ncyO@elh=\skip44
\f@ncyO@erh=\skip45
\f@ncyO@olh=\skip46
\f@ncyO@orh=\skip47
\f@ncyO@elf=\skip48
\f@ncyO@erf=\skip49
\f@ncyO@olf=\skip50
\f@ncyO@orf=\skip51
)
(/usr/share/texmf/tex/latex/base/inputenc.sty
Package: inputenc 2004/02/05 v1.0d Input encoding file

(/usr/share/texmf/tex/latex/base/latin1.def
File: latin1.def 2004/02/05 v1.0d Input encoding file
))
(/usr/share/texmf/tex/latex/base/fontenc.sty
Package: fontenc 2004/02/22 v1.99f Standard LaTeX package

(/usr/share/texmf/tex/generic/babel/lgrenc.def
File: lgrenc.def 2001/01/30 v2.2e Greek Encoding
)
(/usr/share/texmf/tex/latex/base/t1enc.def
File: t1enc.def 2004/02/22 v1.99f Standard LaTeX file
LaTeX Font Info:    Redeclaring font encoding T1 on input line 43.
))
(/usr/share/texmf/tex/latex/graphics/color.sty
Package: color 1999/02/16 v1.0i Standard LaTeX Color (DPC)

(/usr/share/texmf/tex/latex/graphics/color.cfg
File: color.cfg 2005/02/03 v1.3 color configuration of teTeX/TeXLive
)
Package color Info: Driver file: dvips.def on input line 125.

(/usr/share/texmf/tex/latex/graphics/dvips.def
File: dvips.def 1999/02/16 v3.0i Driver-dependant file (DPC,SPQR)
)
(/usr/share/texmf/tex/latex/graphics/dvipsnam.def
File: dvipsnam.def 1999/02/16 v3.0i Driver-dependant file (DPC,SPQR)
))
(/usr/share/texmf/tex/latex/graphics/graphicx.sty
Package: graphicx 1999/02/16 v1.0f Enhanced LaTeX Graphics (DPC,SPQR)

(/usr/share/texmf/tex/latex/graphics/keyval.sty
Package: keyval 1999/03/16 v1.13 key=value parser (DPC)
\KV@toks@=\toks14
)
(/usr/share/texmf/tex/latex/graphics/graphics.sty
Package: graphics 2001/07/07 v1.0n Standard LaTeX Graphics (DPC,SPQR)

(/usr/share/texmf/tex/latex/graphics/trig.sty
Package: trig 1999/03/16 v1.09 sin cos tan (DPC)
)
(/usr/share/texmf/tex/latex/graphics/graphics.cfg
File: graphics.cfg 2005/02/03 v1.3 graphics configuration of teTeX/TeXLive
)
Package graphics Info: Driver file: dvips.def on input line 80.
)
\Gin@req@height=\dimen103
\Gin@req@width=\dimen104
)
(/usr/share/texmf/tex/latex/html/html.sty
Package: html 1999/07/19 v1.38 hypertext commands for latex2html (nd, hws, rrm)

\c@lpart=\count88
\c@lchapter=\count89
\c@lsection=\count90
\c@lsubsection=\count91
\c@lsubsubsection=\count92
\c@lparagraph=\count93
\c@lsubparagraph=\count94
\c@lsubsubparagraph=\count95
\ptrfile=\write3
)
(/usr/share/texmf/tex/latex/html/htmllist.sty)
(/usr/share/texmf/tex/latex/germbib/apalike.sty
\bibhang=\skip52
)
(/usr/share/texmf/tex/generic/babel/babel.sty
Package: babel 2004/11/20 v3.8d The Babel package

(/usr/share/texmf/tex/generic/babel/frenchb.ldf
Language: french 2004/04/02 v1.6f French support from the babel system

(/usr/share/texmf/tex/generic/babel/babel.def
File: babel.def 2004/11/20 v3.8d Babel common definitions
\babel@savecnt=\count96
\U@D=\dimen105
)
Package babel Info: Making : an active character on input line 219.
Package babel Info: Making ; an active character on input line 220.
Package babel Info: Making ! an active character on input line 221.
Package babel Info: Making ? an active character on input line 222.
LaTeX Font Info:    Redeclaring font encoding T1 on input line 299.
\parindentFFN=\dimen106
\std@mcc=\count97
\dec@mcc=\count98

*************************************
* Local config file frenchb.cfg used
*
(/usr/share/texmf/tex/generic/babel/frenchb.cfg)))) (./boo.tex) (./com.tex
(/usr/share/texmf/tex/latex/psnfss/times.sty
Package: times 2004/09/15 PSNFSS-v9.2 (SPQR) 
)) (./fra.tex)) (./lfa_francais.aux)
\openout1 = `lfa_francais.aux'.

LaTeX Font Info:    Checking defaults for OML/cmm/m/it on input line 2.
LaTeX Font Info:    ... okay on input line 2.
LaTeX Font Info:    Checking defaults for T1/lmr/m/n on input line 2.
LaTeX Font Info:    Try loading font information for T1+lmr on input line 2.
 (/usr/share/texmf/tex/latex/lm/t1lmr.fd
File: t1lmr.fd 2003/07/22 v1.1 Font defs for Latin Modern
)
LaTeX Font Info:    ... okay on input line 2.
LaTeX Font Info:    Checking defaults for OT1/cmr/m/n on input line 2.
LaTeX Font Info:    ... okay on input line 2.
LaTeX Font Info:    Checking defaults for OMS/cmsy/m/n on input line 2.
LaTeX Font Info:    ... okay on input line 2.
LaTeX Font Info:    Checking defaults for OMX/cmex/m/n on input line 2.
LaTeX Font Info:    ... okay on input line 2.
LaTeX Font Info:    Checking defaults for U/cmr/m/n on input line 2.
LaTeX Font Info:    ... okay on input line 2.
LaTeX Font Info:    Checking defaults for LGR/cmr/m/n on input line 2.
LaTeX Font Info:    Try loading font information for LGR+cmr on input line 2.

(/usr/share/texmf/tex/generic/babel/lgrcmr.fd
File: lgrcmr.fd 2001/01/30 v2.2e Greek Computer Modern
)
LaTeX Font Info:    ... okay on input line 2.
LaTeX Font Info:    Try loading font information for T1+ptm on input line 2.

(/usr/share/texmf/tex/latex/psnfss/t1ptm.fd
File: t1ptm.fd 2001/06/04 font definitions for T1/ptm.
)
LaTeX Info: Redefining \dots on input line 2.
LaTeX Font Info:    External font `cmex10' loaded for size
(Font)              <10.95> on input line 5.
LaTeX Font Info:    External font `cmex10' loaded for size
(Font)              <8> on input line 5.
LaTeX Font Info:    External font `cmex10' loaded for size
(Font)              <6> on input line 5.

Overfull \hbox (12.0pt too wide) in paragraph at lines 5--5
 [] 
 []

File: logo_lfa.ps Graphic file (type eps)
<logo_lfa.ps> [1

] [2

]
LaTeX Font Info:    Font shape `T1/ptm/bx/n' in size <24.88> not available
(Font)              Font shape `T1/ptm/b/n' tried instead on input line 5.
 (./lfa_francais.toc
LaTeX Font Info:    Font shape `T1/ptm/bx/n' in size <10.95> not available
(Font)              Font shape `T1/ptm/b/n' tried instead on input line 2.
 [3])
\tf@toc=\write4
\openout4 = `lfa_francais.toc'.

 [4]
Chapitre 1.
LaTeX Font Info:    Font shape `T1/ptm/bx/n' in size <20.74> not available
(Font)              Font shape `T1/ptm/b/n' tried instead on input line 7.
LaTeX Font Info:    Font shape `T1/ptm/bx/n' in size <14.4> not available
(Font)              Font shape `T1/ptm/b/n' tried instead on input line 40.
[5

]
LaTeX Font Info:    Try loading font information for T1+pcr on input line 95.
 (/usr/share/texmf/tex/latex/psnfss/t1pcr.fd
File: t1pcr.fd 2001/06/04 font definitions for T1/pcr.
)
File: organigramme.ag.eps Graphic file (type eps)
 <organigramme.ag.eps>
Underfull \vbox (badness 10000) has occurred while \output is active []

 [6]
[7] [8

]
Chapitre 2.

Overfull \hbox (79.09805pt too wide) in paragraph at lines 189--189
[]\T1/pcr/m/n/10.95 ! cdtypo      type d'ouverture: 'R' READ, 'W' WRITE, 'A' AP
PEND, 'S' SCRATCH.[] 
 []


Overfull \hbox (72.52806pt too wide) in paragraph at lines 189--189
[]\T1/pcr/m/n/10.95 ! ---------------------------------------------------------
-----------------[] 
 []


Overfull \hbox (52.81808pt too wide) in paragraph at lines 189--189
[]\T1/pcr/m/n/10.95 ! cdtypo      opening type: 'R' READ, 'W' WRITE, 'A' APPEND
, 'S' SCRATCH.[] 
 []


Overfull \hbox (72.52806pt too wide) in paragraph at lines 189--189
[]\T1/pcr/m/n/10.95 ! ---------------------------------------------------------
-----------------[] 
 []


Overfull \hbox (72.52806pt too wide) in paragraph at lines 209--209
[]\T1/pcr/m/n/10.95 ! ---------------------------------------------------------
-----------------[] 
 []

[9]
Overfull \hbox (72.52806pt too wide) in paragraph at lines 209--209
[]\T1/pcr/m/n/10.95 ! ---------------------------------------------------------
-----------------[] 
 []


Overfull \hbox (6.82814pt too wide) in paragraph at lines 231--231
[]\T1/pcr/m/n/10.95 ! kprec    precision des reels a ecrire ulterieurement, en 
octets.[] 
 []


Overfull \hbox (0.25815pt too wide) in paragraph at lines 251--251
[]\T1/pcr/m/n/10.95 ! **** *LFAPRECI* Forcage de la precision d'ecriture des en
tiers.[] 
 []


Overfull \hbox (19.96812pt too wide) in paragraph at lines 251--251
[]\T1/pcr/m/n/10.95 ! kprec    precision des entiers a ecrire ulterieurement, e
n octets.[] 
 []

[10]
Overfull \hbox (72.52806pt too wide) in paragraph at lines 278--278
[]\T1/pcr/m/n/10.95 ! ---------------------------------------------------------
-----------------[] 
 []


Overfull \hbox (72.52806pt too wide) in paragraph at lines 278--278
[]\T1/pcr/m/n/10.95 ! ---------------------------------------------------------
-----------------[] 
 []


Overfull \hbox (72.52806pt too wide) in paragraph at lines 304--304
[]\T1/pcr/m/n/10.95 ! ---------------------------------------------------------
-----------------[] 
 []


Overfull \hbox (72.52806pt too wide) in paragraph at lines 304--304
[]\T1/pcr/m/n/10.95 ! ---------------------------------------------------------
-----------------[] 
 []

[11]
Overfull \hbox (72.52806pt too wide) in paragraph at lines 327--327
[]\T1/pcr/m/n/10.95 ! ---------------------------------------------------------
-----------------[] 
 []


Overfull \hbox (72.52806pt too wide) in paragraph at lines 327--327
[]\T1/pcr/m/n/10.95 ! ---------------------------------------------------------
-----------------[] 
 []


Overfull \hbox (19.96812pt too wide) in paragraph at lines 373--373
[]\T1/pcr/m/n/10.95 ! +----------+---------------------------------------------
--------+[] 
 []


Overfull \hbox (19.96812pt too wide) in paragraph at lines 373--373
[]\T1/pcr/m/n/10.95 ! | Valeur   |             Signification                   
        |[] 
 []


Overfull \hbox (19.96812pt too wide) in paragraph at lines 373--373
[]\T1/pcr/m/n/10.95 ! +----------+---------------------------------------------
--------+[] 
 []


Overfull \hbox (19.96812pt too wide) in paragraph at lines 373--373
[]\T1/pcr/m/n/10.95 ! | kerr=  0 | Tout est OK!                                
        |[] 
 []


Overfull \hbox (19.96812pt too wide) in paragraph at lines 373--373
[]\T1/pcr/m/n/10.95 ! | kerr= -1 | Article inexistant                          
        |[] 
 []


Overfull \hbox (19.96812pt too wide) in paragraph at lines 373--373
[]\T1/pcr/m/n/10.95 ! | kerr= -6 | Article plus long que le tableau devant le r
ecevoir |[] 
 []


Overfull \hbox (19.96812pt too wide) in paragraph at lines 373--373
[]\T1/pcr/m/n/10.95 ! | kerr= -8 | Mauvais type de donnees (reelles, entieres, 
car.)   |[] 
 []


Overfull \hbox (19.96812pt too wide) in paragraph at lines 373--373
[]\T1/pcr/m/n/10.95 ! +----------+---------------------------------------------
--------+[] 
 []


Overfull \hbox (72.52806pt too wide) in paragraph at lines 373--373
[]\T1/pcr/m/n/10.95 ! ---------------------------------------------------------
-----------------[] 
 []

[12]
Overfull \hbox (19.96812pt too wide) in paragraph at lines 373--373
[]\T1/pcr/m/n/10.95 ! +----------+---------------------------------------------
--------+[] 
 []


Overfull \hbox (19.96812pt too wide) in paragraph at lines 373--373
[]\T1/pcr/m/n/10.95 ! | Value    |             Meaning                         
        |[] 
 []


Overfull \hbox (19.96812pt too wide) in paragraph at lines 373--373
[]\T1/pcr/m/n/10.95 ! +----------+---------------------------------------------
--------+[] 
 []


Overfull \hbox (19.96812pt too wide) in paragraph at lines 373--373
[]\T1/pcr/m/n/10.95 ! | kerr=  0 | Everything is OK!                           
        |[] 
 []


Overfull \hbox (19.96812pt too wide) in paragraph at lines 373--373
[]\T1/pcr/m/n/10.95 ! | kerr= -1 | Article inexistant                          
        |[] 
 []


Overfull \hbox (19.96812pt too wide) in paragraph at lines 373--373
[]\T1/pcr/m/n/10.95 ! | kerr= -6 | Article bigger than array supposed to receiv
e it    |[] 
 []


Overfull \hbox (19.96812pt too wide) in paragraph at lines 373--373
[]\T1/pcr/m/n/10.95 ! | kerr= -8 | Wrong data type (real, integer, char.)      
        |[] 
 []


Overfull \hbox (19.96812pt too wide) in paragraph at lines 373--373
[]\T1/pcr/m/n/10.95 ! +----------+---------------------------------------------
--------+[] 
 []


Overfull \hbox (72.52806pt too wide) in paragraph at lines 373--373
[]\T1/pcr/m/n/10.95 ! ---------------------------------------------------------
-----------------[] 
 []


Overfull \hbox (19.96812pt too wide) in paragraph at lines 419--419
[]\T1/pcr/m/n/10.95 ! +----------+---------------------------------------------
--------+[] 
 []


Overfull \hbox (19.96812pt too wide) in paragraph at lines 419--419
[]\T1/pcr/m/n/10.95 ! | Valeur   |             Signification                   
        |[] 
 []


Overfull \hbox (19.96812pt too wide) in paragraph at lines 419--419
[]\T1/pcr/m/n/10.95 ! +----------+---------------------------------------------
--------+[] 
 []


Overfull \hbox (19.96812pt too wide) in paragraph at lines 419--419
[]\T1/pcr/m/n/10.95 ! | kerr=  0 | Tout est OK!                                
        |[] 
 []


Overfull \hbox (19.96812pt too wide) in paragraph at lines 419--419
[]\T1/pcr/m/n/10.95 ! | kerr= -1 | Article inexistant                          
        |[] 
 []


Overfull \hbox (19.96812pt too wide) in paragraph at lines 419--419
[]\T1/pcr/m/n/10.95 ! | kerr= -6 | Article plus long que le tableau devant le r
ecevoir |[] 
 []


Overfull \hbox (19.96812pt too wide) in paragraph at lines 419--419
[]\T1/pcr/m/n/10.95 ! | kerr= -8 | Mauvais type de donnees (reelles, entieres, 
car.)   |[] 
 []


Overfull \hbox (19.96812pt too wide) in paragraph at lines 419--419
[]\T1/pcr/m/n/10.95 ! +----------+---------------------------------------------
--------+[] 
 []


Overfull \hbox (72.52806pt too wide) in paragraph at lines 419--419
[]\T1/pcr/m/n/10.95 ! ---------------------------------------------------------
-----------------[] 
 []


Overfull \hbox (19.96812pt too wide) in paragraph at lines 419--419
[]\T1/pcr/m/n/10.95 ! +----------+---------------------------------------------
--------+[] 
 []


Overfull \hbox (19.96812pt too wide) in paragraph at lines 419--419
[]\T1/pcr/m/n/10.95 ! | Value    |             Meaning                         
        |[] 
 []


Overfull \hbox (19.96812pt too wide) in paragraph at lines 419--419
[]\T1/pcr/m/n/10.95 ! +----------+---------------------------------------------
--------+[] 
 []


Overfull \hbox (19.96812pt too wide) in paragraph at lines 419--419
[]\T1/pcr/m/n/10.95 ! | kerr=  0 | Everything is OK!                           
        |[] 
 []


Overfull \hbox (19.96812pt too wide) in paragraph at lines 419--419
[]\T1/pcr/m/n/10.95 ! | kerr= -1 | Article inexistant                          
        |[] 
 []


Overfull \hbox (19.96812pt too wide) in paragraph at lines 419--419
[]\T1/pcr/m/n/10.95 ! | kerr= -6 | Article bigger than array supposed to receiv
e it    |[] 
 []

[13]
Overfull \hbox (19.96812pt too wide) in paragraph at lines 419--419
[]\T1/pcr/m/n/10.95 ! | kerr= -8 | Wrong data type (real, integer, char.)      
        |[] 
 []


Overfull \hbox (19.96812pt too wide) in paragraph at lines 419--419
[]\T1/pcr/m/n/10.95 ! +----------+---------------------------------------------
--------+[] 
 []


Overfull \hbox (72.52806pt too wide) in paragraph at lines 419--419
[]\T1/pcr/m/n/10.95 ! ---------------------------------------------------------
-----------------[] 
 []


Overfull \hbox (19.96812pt too wide) in paragraph at lines 464--464
[]\T1/pcr/m/n/10.95 ! +----------+---------------------------------------------
--------+[] 
 []


Overfull \hbox (19.96812pt too wide) in paragraph at lines 464--464
[]\T1/pcr/m/n/10.95 ! | Valeur   |             Signification                   
        |[] 
 []


Overfull \hbox (19.96812pt too wide) in paragraph at lines 464--464
[]\T1/pcr/m/n/10.95 ! +----------+---------------------------------------------
--------+[] 
 []


Overfull \hbox (19.96812pt too wide) in paragraph at lines 464--464
[]\T1/pcr/m/n/10.95 ! | kerr=  0 | Tout est OK!                                
        |[] 
 []


Overfull \hbox (19.96812pt too wide) in paragraph at lines 464--464
[]\T1/pcr/m/n/10.95 ! | kerr= -1 | Article inexistant                          
        |[] 
 []


Overfull \hbox (19.96812pt too wide) in paragraph at lines 464--464
[]\T1/pcr/m/n/10.95 ! | kerr= -6 | Article plus long que le tableau devant le r
ecevoir |[] 
 []


Overfull \hbox (19.96812pt too wide) in paragraph at lines 464--464
[]\T1/pcr/m/n/10.95 ! | kerr= -8 | Mauvais type de donnees (reelles, entieres, 
car.)   |[] 
 []


Overfull \hbox (19.96812pt too wide) in paragraph at lines 464--464
[]\T1/pcr/m/n/10.95 ! +----------+---------------------------------------------
--------+[] 
 []


Overfull \hbox (72.52806pt too wide) in paragraph at lines 464--464
[]\T1/pcr/m/n/10.95 ! ---------------------------------------------------------
-----------------[] 
 []


Overfull \hbox (19.96812pt too wide) in paragraph at lines 464--464
[]\T1/pcr/m/n/10.95 ! +----------+---------------------------------------------
--------+[] 
 []


Overfull \hbox (19.96812pt too wide) in paragraph at lines 464--464
[]\T1/pcr/m/n/10.95 ! | Value    |             Meaning                         
        |[] 
 []


Overfull \hbox (19.96812pt too wide) in paragraph at lines 464--464
[]\T1/pcr/m/n/10.95 ! +----------+---------------------------------------------
--------+[] 
 []


Overfull \hbox (19.96812pt too wide) in paragraph at lines 464--464
[]\T1/pcr/m/n/10.95 ! | kerr=  0 | Everything is OK!                           
        |[] 
 []


Overfull \hbox (19.96812pt too wide) in paragraph at lines 464--464
[]\T1/pcr/m/n/10.95 ! | kerr= -1 | Article inexistant                          
        |[] 
 []


Overfull \hbox (19.96812pt too wide) in paragraph at lines 464--464
[]\T1/pcr/m/n/10.95 ! | kerr= -6 | Article bigger than array supposed to receiv
e it    |[] 
 []


Overfull \hbox (19.96812pt too wide) in paragraph at lines 464--464
[]\T1/pcr/m/n/10.95 ! | kerr= -8 | Wrong data type (real, integer, char.)      
        |[] 
 []


Overfull \hbox (19.96812pt too wide) in paragraph at lines 464--464
[]\T1/pcr/m/n/10.95 ! +----------+---------------------------------------------
--------+[] 
 []


Overfull \hbox (72.52806pt too wide) in paragraph at lines 464--464
[]\T1/pcr/m/n/10.95 ! ---------------------------------------------------------
-----------------[] 
 []


Underfull \vbox (badness 4686) has occurred while \output is active []

 [14]
Overfull \hbox (0.25815pt too wide) in paragraph at lines 492--492
[]\T1/pcr/m/n/10.95 ! .           le fichier va etre ouvert sous cette unite lo
gique.[] 
 []


Overfull \hbox (72.52806pt too wide) in paragraph at lines 492--492
[]\T1/pcr/m/n/10.95 ! ---------------------------------------------------------
-----------------[] 
 []


Overfull \hbox (72.52806pt too wide) in paragraph at lines 492--492
[]\T1/pcr/m/n/10.95 ! ---------------------------------------------------------
-----------------[] 
 []


Overfull \hbox (72.52806pt too wide) in paragraph at lines 521--521
[]\T1/pcr/m/n/10.95 ! ---------------------------------------------------------
-----------------[] 
 []


Overfull \hbox (72.52806pt too wide) in paragraph at lines 521--521
[]\T1/pcr/m/n/10.95 ! ---------------------------------------------------------
-----------------[] 
 []

[15]
Overfull \hbox (72.52806pt too wide) in paragraph at lines 550--550
[]\T1/pcr/m/n/10.95 ! ---------------------------------------------------------
-----------------[] 
 []


Overfull \hbox (72.52806pt too wide) in paragraph at lines 550--550
[]\T1/pcr/m/n/10.95 ! ---------------------------------------------------------
-----------------[] 
 []


Overfull \hbox (72.52806pt too wide) in paragraph at lines 572--572
[]\T1/pcr/m/n/10.95 ! ---------------------------------------------------------
-----------------[] 
 []


Overfull \hbox (72.52806pt too wide) in paragraph at lines 572--572
[]\T1/pcr/m/n/10.95 ! ---------------------------------------------------------
-----------------[] 
 []


Overfull \hbox (92.23804pt too wide) in paragraph at lines 600--600
[]\T1/pcr/m/n/10.95 ! **** *LFALAFT* Liste des articles d'un fichier LFA sur ta
bleau de caracteres.[] 
 []

[16]
Overfull \hbox (92.23804pt too wide) in paragraph at lines 600--600
[]\T1/pcr/m/n/10.95 !                 Ce nombre est egalement le nombre d'eleme
nts ecrits sur cdlis[] 
 []


Overfull \hbox (72.52806pt too wide) in paragraph at lines 600--600
[]\T1/pcr/m/n/10.95 ! ---------------------------------------------------------
-----------------[] 
 []


Overfull \hbox (79.09805pt too wide) in paragraph at lines 600--600
[]\T1/pcr/m/n/10.95 !                This number is also the number of elements
 written on cdlis.[] 
 []


Overfull \hbox (72.52806pt too wide) in paragraph at lines 600--600
[]\T1/pcr/m/n/10.95 ! ---------------------------------------------------------
-----------------[] 
 []

[17]
Overfull \hbox (72.52806pt too wide) in paragraph at lines 663--663
[]\T1/pcr/m/n/10.95 ! ---------------------------------------------------------
-----------------[] 
 []


Overfull \hbox (72.52806pt too wide) in paragraph at lines 663--663
[]\T1/pcr/m/n/10.95 ! ---------------------------------------------------------
-----------------[] 
 []


Overfull \hbox (72.52806pt too wide) in paragraph at lines 682--682
[]\T1/pcr/m/n/10.95 ! ---------------------------------------------------------
-----------------[] 
 []


Overfull \hbox (72.52806pt too wide) in paragraph at lines 682--682
[]\T1/pcr/m/n/10.95 ! ---------------------------------------------------------
-----------------[] 
 []

[18] [19] [20]
Chapitre 3.

Overfull \hbox (33.10811pt too wide) in paragraph at lines 771--771
[] \T1/pcr/m/n/10.95 Sortie sur output standard de la liste des articles d'un f
ichier lfa.[] 
 []


Overfull \hbox (65.95807pt too wide) in paragraph at lines 780--780
[]\T1/pcr/m/n/10.95 Sortie des extrema et moyenne des articles d'un (plusieurs)
 fichier(s) LFA.[] 
 []

[21

]
Overfull \hbox (46.2481pt too wide) in paragraph at lines 798--798
[]\T1/pcr/m/n/10.95 Principe: les fichiers sont transformés en leur forme LFP (
ASCII texte),[] 
 []


Overfull \hbox (19.96812pt too wide) in paragraph at lines 836--836
[]        \T1/pcr/m/n/10.95 est present dans F1 et F2, c'est celui de F2 qui se
ra copie.[] 
 []

[22]
Overfull \hbox (19.96812pt too wide) in paragraph at lines 881--881
[]\T1/pcr/m/n/10.95 nom_1 à nom_n, dont le type sera type_1 à type_n (type: R, 
I, ou C),[] 
 []


Overfull \hbox (0.25815pt too wide) in paragraph at lines 881--881
[]        \T1/pcr/m/n/10.95 - Si valfic_i n'est pas un fichier, alors c'est la 
valeur[] 
 []


Overfull \hbox (6.82814pt too wide) in paragraph at lines 881--881
[]\T1/pcr/m/n/10.95 créera le fichier LFA, contenant trois articles, l'article 
réel I0[] 
 []

[23]
Overfull \hbox (13.39813pt too wide) in paragraph at lines 914--914
[] \T1/pcr/m/n/10.95 Lorsque rcm(F1)=0, le résultat est nul si F2=0, et égal à 
 999.999[] 
 []


Overfull \hbox (6.82814pt too wide) in paragraph at lines 944--944
[] \T1/pcr/m/n/10.95 Le présent convertisseur transforme un fichier LFA (binair
e IEEE)[] 
 []


Overfull \hbox (26.53812pt too wide) in paragraph at lines 944--944
[] \T1/pcr/m/n/10.95 en un fichier ASCII texte comportant in extenso les noms d
'articles,[] 
 []

[24] [25] [26

]
Chapitre 4.
[27] [28

]
Chapitre 5.

Overfull \hbox (34.75075pt too wide) in paragraph at lines 1037--1047
\T1/pcr/m/n/10.95 write(kul) ktype,klong,ilna,(ichar(cdna(jna :jna)),jna=1,ilna
)\T1/ptm/m/n/10.95 .
 []

[29]
Overfull \hbox (22.68904pt too wide) has occurred while \output is active
\T1/ptm/m/n/10.95 30 \T1/ptm/m/sl/10.95 CHAPITRE 5.  PRÉSENTATION DÉTAILLÉE : P
RINCIPES DE FONCTIONNEMENT INTERNE
 []

[30

]
Chapitre 6.
[31] [32] (./lfa_francais.aux) ) 
Here is how much of TeX's memory you used:
 2337 strings out of 94501
 27987 string characters out of 1169617
 82671 words of memory out of 1000000
 5471 multiletter control sequences out of 10000+50000
 24210 words of font info for 35 fonts, out of 500000 for 2000
 580 hyphenation exceptions out of 1000
 30i,7n,43p,255b,360s stack positions out of 3000i,1500n,5000p,200000b,15000s

Output written on lfa_francais.dvi (32 pages, 75220 bytes).
